<?xml version="1.0" encoding="UTF-8"?>
<coverage generated="1333822319">
  <project timestamp="1333822319">
    <package name="Presta">
      <file name="/Users/sam/Projects/presta/src/Curler.php">
        <class name="Curler" namespace="Presta">
          <metrics methods="2" coveredmethods="2" conditionals="0" coveredconditionals="0" statements="52" coveredstatements="20" elements="54" coveredelements="22"/>
        </class>
        <line num="38" type="method" name="make_request" crap="62.42" count="1"/>
        <line num="40" type="stmt" count="1"/>
        <line num="41" type="stmt" count="1"/>
        <line num="42" type="stmt" count="0"/>
        <line num="45" type="stmt" count="1"/>
        <line num="46" type="stmt" count="1"/>
        <line num="52" type="stmt" count="1"/>
        <line num="54" type="stmt" count="1"/>
        <line num="55" type="stmt" count="1"/>
        <line num="57" type="stmt" count="1"/>
        <line num="58" type="stmt" count="0"/>
        <line num="59" type="stmt" count="0"/>
        <line num="60" type="stmt" count="1"/>
        <line num="62" type="stmt" count="1"/>
        <line num="63" type="stmt" count="1"/>
        <line num="64" type="stmt" count="0"/>
        <line num="65" type="stmt" count="0"/>
        <line num="66" type="stmt" count="0"/>
        <line num="67" type="stmt" count="0"/>
        <line num="68" type="stmt" count="0"/>
        <line num="69" type="stmt" count="0"/>
        <line num="70" type="stmt" count="0"/>
        <line num="71" type="stmt" count="0"/>
        <line num="72" type="stmt" count="0"/>
        <line num="74" type="stmt" count="0"/>
        <line num="75" type="stmt" count="0"/>
        <line num="76" type="stmt" count="0"/>
        <line num="77" type="stmt" count="0"/>
        <line num="78" type="stmt" count="0"/>
        <line num="79" type="stmt" count="0"/>
        <line num="80" type="stmt" count="0"/>
        <line num="81" type="stmt" count="0"/>
        <line num="82" type="stmt" count="0"/>
        <line num="83" type="stmt" count="0"/>
        <line num="84" type="stmt" count="0"/>
        <line num="85" type="stmt" count="0"/>
        <line num="86" type="stmt" count="0"/>
        <line num="87" type="stmt" count="0"/>
        <line num="88" type="stmt" count="0"/>
        <line num="89" type="stmt" count="0"/>
        <line num="90" type="stmt" count="0"/>
        <line num="91" type="stmt" count="0"/>
        <line num="93" type="stmt" count="0"/>
        <line num="95" type="stmt" count="1"/>
        <line num="96" type="stmt" count="1"/>
        <line num="97" type="stmt" count="1"/>
        <line num="98" type="stmt" count="1"/>
        <line num="99" type="stmt" count="0"/>
        <line num="102" type="stmt" count="1"/>
        <line num="103" type="stmt" count="1"/>
        <line num="104" type="stmt" count="1"/>
        <line num="105" type="stmt" count="1"/>
        <line num="111" type="method" name="response_has_headers" crap="1" count="1"/>
        <line num="113" type="stmt" count="1"/>
        <line num="115" type="stmt" count="1"/>
        <metrics loc="114" ncloc="70" classes="1" methods="2" coveredmethods="1" conditionals="0" coveredconditionals="0" statements="52" coveredstatements="20" elements="54" coveredelements="21"/>
      </file>
      <file name="/Users/sam/Projects/presta/src/Request.php">
        <class name="Request" namespace="Presta">
          <metrics methods="13" coveredmethods="4" conditionals="0" coveredconditionals="0" statements="25" coveredstatements="12" elements="38" coveredelements="16"/>
        </class>
        <line num="78" type="method" name="__construct" crap="1" count="1"/>
        <line num="81" type="stmt" count="1"/>
        <line num="82" type="stmt" count="1"/>
        <line num="91" type="method" name="instance" crap="6" count="0"/>
        <line num="93" type="stmt" count="0"/>
        <line num="94" type="stmt" count="0"/>
        <line num="95" type="stmt" count="0"/>
        <line num="102" type="method" name="uri" crap="1" count="1"/>
        <line num="104" type="stmt" count="1"/>
        <line num="105" type="stmt" count="1"/>
        <line num="113" type="method" name="auth" crap="2" count="0"/>
        <line num="115" type="stmt" count="0"/>
        <line num="116" type="stmt" count="0"/>
        <line num="127" type="method" name="headers" crap="2" count="0"/>
        <line num="129" type="stmt" count="0"/>
        <line num="130" type="stmt" count="0"/>
        <line num="138" type="method" name="get" crap="1" count="1"/>
        <line num="140" type="stmt" count="1"/>
        <line num="148" type="method" name="post" crap="2" count="0"/>
        <line num="150" type="stmt" count="0"/>
        <line num="158" type="method" name="put" crap="2" count="0"/>
        <line num="160" type="stmt" count="0"/>
        <line num="167" type="method" name="delete" crap="2" count="0"/>
        <line num="169" type="stmt" count="0"/>
        <line num="176" type="method" name="head" crap="2" count="0"/>
        <line num="178" type="stmt" count="0"/>
        <line num="185" type="method" name="options" crap="2" count="0"/>
        <line num="187" type="stmt" count="0"/>
        <line num="197" type="method" name="__get" crap="6" count="0"/>
        <line num="199" type="stmt" count="0"/>
        <line num="211" type="method" name="make_http_request" crap="1" count="1"/>
        <line num="213" type="stmt" count="1"/>
        <line num="214" type="stmt" count="1"/>
        <line num="215" type="stmt" count="1"/>
        <line num="216" type="stmt" count="1"/>
        <line num="217" type="stmt" count="1"/>
        <line num="219" type="stmt" count="1"/>
        <line num="220" type="stmt" count="1"/>
        <line num="223" type="stmt" count="0"/>
        <metrics loc="222" ncloc="73" classes="1" methods="13" coveredmethods="4" conditionals="0" coveredconditionals="0" statements="25" coveredstatements="12" elements="38" coveredelements="16"/>
      </file>
      <file name="/Users/sam/Projects/presta/src/Response.php">
        <class name="Response" namespace="Presta">
          <metrics methods="8" coveredmethods="7" conditionals="0" coveredconditionals="0" statements="65" coveredstatements="58" elements="73" coveredelements="65"/>
        </class>
        <line num="18" type="method" name="__construct" crap="1" count="14"/>
        <line num="20" type="stmt" count="14"/>
        <line num="21" type="stmt" count="14"/>
        <line num="22" type="stmt" count="14"/>
        <line num="31" type="method" name="header" crap="2" count="1"/>
        <line num="33" type="stmt" count="1"/>
        <line num="34" type="stmt" count="1"/>
        <line num="35" type="stmt" count="1"/>
        <line num="36" type="stmt" count="1"/>
        <line num="37" type="stmt" count="1"/>
        <line num="42" type="method" name="headers" crap="1" count="2"/>
        <line num="44" type="stmt" count="2"/>
        <line num="50" type="method" name="attributes" crap="2" count="0"/>
        <line num="52" type="stmt" count="0"/>
        <line num="54" type="method" name="parsed_headers" crap="1" count="11"/>
        <line num="56" type="stmt" count="11"/>
        <line num="58" type="method" name="__get" crap="2" count="1"/>
        <line num="61" type="stmt" count="1"/>
        <line num="62" type="stmt" count="1"/>
        <line num="63" type="stmt" count="1"/>
        <line num="78" type="stmt" count="1"/>
        <line num="80" type="stmt" count="1"/>
        <line num="83" type="method" name="parse_response" crap="3" count="14"/>
        <line num="86" type="stmt" count="14"/>
        <line num="87" type="stmt" count="14"/>
        <line num="88" type="stmt" count="14"/>
        <line num="89" type="stmt" count="14"/>
        <line num="90" type="stmt" count="14"/>
        <line num="92" type="stmt" count="14"/>
        <line num="93" type="stmt" count="14"/>
        <line num="94" type="stmt" count="14"/>
        <line num="95" type="stmt" count="14"/>
        <line num="96" type="stmt" count="14"/>
        <line num="98" type="stmt" count="14"/>
        <line num="99" type="stmt" count="14"/>
        <line num="101" type="stmt" count="14"/>
        <line num="102" type="stmt" count="14"/>
        <line num="103" type="stmt" count="14"/>
        <line num="104" type="stmt" count="14"/>
        <line num="106" type="stmt" count="14"/>
        <line num="107" type="stmt" count="14"/>
        <line num="108" type="stmt" count="14"/>
        <line num="111" type="stmt" count="0"/>
        <line num="113" type="stmt" count="14"/>
        <line num="138" type="method" name="parse_header_block" crap="6.17" count="14"/>
        <line num="140" type="stmt" count="14"/>
        <line num="141" type="stmt" count="14"/>
        <line num="142" type="stmt" count="14"/>
        <line num="143" type="stmt" count="14"/>
        <line num="144" type="stmt" count="14"/>
        <line num="145" type="stmt" count="14"/>
        <line num="147" type="stmt" count="14"/>
        <line num="150" type="stmt" count="14"/>
        <line num="151" type="stmt" count="14"/>
        <line num="152" type="stmt" count="14"/>
        <line num="153" type="stmt" count="14"/>
        <line num="154" type="stmt" count="14"/>
        <line num="157" type="stmt" count="14"/>
        <line num="158" type="stmt" count="14"/>
        <line num="159" type="stmt" count="14"/>
        <line num="160" type="stmt" count="14"/>
        <line num="161" type="stmt" count="14"/>
        <line num="162" type="stmt" count="14"/>
        <line num="163" type="stmt" count="0"/>
        <line num="164" type="stmt" count="0"/>
        <line num="165" type="stmt" count="0"/>
        <line num="166" type="stmt" count="0"/>
        <line num="167" type="stmt" count="0"/>
        <line num="168" type="stmt" count="14"/>
        <line num="170" type="stmt" count="14"/>
        <line num="171" type="stmt" count="14"/>
        <line num="172" type="stmt" count="14"/>
        <line num="173" type="stmt" count="14"/>
        <line num="174" type="stmt" count="14"/>
        <line num="175" type="stmt" count="14"/>
        <line num="178" type="stmt" count="1"/>
        <metrics loc="177" ncloc="106" classes="1" methods="8" coveredmethods="5" conditionals="0" coveredconditionals="0" statements="67" coveredstatements="60" elements="75" coveredelements="65"/>
      </file>
    </package>
    <package name="Presta\Util">
      <file name="/Users/sam/Projects/presta/src/util/Arr.php">
        <class name="Arr" namespace="Presta\Util">
          <metrics methods="1" coveredmethods="1" conditionals="0" coveredconditionals="0" statements="1" coveredstatements="1" elements="2" coveredelements="2"/>
        </class>
        <line num="22" type="method" name="get" crap="2" count="14"/>
        <line num="23" type="stmt" count="14"/>
        <line num="26" type="stmt" count="1"/>
        <metrics loc="25" ncloc="9" classes="1" methods="1" coveredmethods="1" conditionals="0" coveredconditionals="0" statements="1" coveredstatements="1" elements="2" coveredelements="2"/>
      </file>
    </package>
    <metrics files="4" loc="538" ncloc="258" classes="4" methods="24" coveredmethods="11" conditionals="0" coveredconditionals="0" statements="145" coveredstatements="93" elements="169" coveredelements="104"/>
  </project>
</coverage>
