<?xml version="1.0" encoding="UTF-8"?>
<coverage generated="1333777759">
  <project timestamp="1333777759">
    <file name="/Users/sam/Projects/presta/src/Curler.php">
      <class name="Presta_Curler" namespace="global" fullPackage="Presta">
        <metrics methods="3" coveredmethods="3" conditionals="0" coveredconditionals="0" statements="107" coveredstatements="69" elements="110" coveredelements="72"/>
      </class>
      <line num="37" type="method" name="xmit" crap="57.14" count="1"/>
      <line num="39" type="stmt" count="1"/>
      <line num="40" type="stmt" count="1"/>
      <line num="41" type="stmt" count="0"/>
      <line num="44" type="stmt" count="1"/>
      <line num="45" type="stmt" count="1"/>
      <line num="51" type="stmt" count="1"/>
      <line num="53" type="stmt" count="1"/>
      <line num="54" type="stmt" count="1"/>
      <line num="56" type="stmt" count="1"/>
      <line num="57" type="stmt" count="0"/>
      <line num="58" type="stmt" count="0"/>
      <line num="59" type="stmt" count="1"/>
      <line num="61" type="stmt" count="1"/>
      <line num="62" type="stmt" count="1"/>
      <line num="63" type="stmt" count="0"/>
      <line num="64" type="stmt" count="0"/>
      <line num="65" type="stmt" count="0"/>
      <line num="66" type="stmt" count="0"/>
      <line num="67" type="stmt" count="0"/>
      <line num="68" type="stmt" count="0"/>
      <line num="69" type="stmt" count="0"/>
      <line num="70" type="stmt" count="0"/>
      <line num="71" type="stmt" count="0"/>
      <line num="73" type="stmt" count="0"/>
      <line num="74" type="stmt" count="0"/>
      <line num="75" type="stmt" count="0"/>
      <line num="76" type="stmt" count="0"/>
      <line num="77" type="stmt" count="0"/>
      <line num="78" type="stmt" count="0"/>
      <line num="79" type="stmt" count="0"/>
      <line num="80" type="stmt" count="0"/>
      <line num="81" type="stmt" count="0"/>
      <line num="82" type="stmt" count="0"/>
      <line num="83" type="stmt" count="0"/>
      <line num="84" type="stmt" count="0"/>
      <line num="85" type="stmt" count="0"/>
      <line num="86" type="stmt" count="0"/>
      <line num="87" type="stmt" count="0"/>
      <line num="88" type="stmt" count="0"/>
      <line num="89" type="stmt" count="0"/>
      <line num="90" type="stmt" count="0"/>
      <line num="92" type="stmt" count="0"/>
      <line num="94" type="stmt" count="1"/>
      <line num="95" type="stmt" count="1"/>
      <line num="96" type="stmt" count="1"/>
      <line num="97" type="stmt" count="1"/>
      <line num="98" type="stmt" count="0"/>
      <line num="101" type="stmt" count="1"/>
      <line num="103" type="stmt" count="1"/>
      <line num="104" type="stmt" count="1"/>
      <line num="105" type="stmt" count="1"/>
      <line num="106" type="stmt" count="1"/>
      <line num="107" type="stmt" count="1"/>
      <line num="127" type="method" name="parse_response" crap="4" count="14"/>
      <line num="129" type="stmt" count="14"/>
      <line num="130" type="stmt" count="14"/>
      <line num="131" type="stmt" count="14"/>
      <line num="132" type="stmt" count="14"/>
      <line num="133" type="stmt" count="14"/>
      <line num="135" type="stmt" count="14"/>
      <line num="137" type="stmt" count="14"/>
      <line num="138" type="stmt" count="14"/>
      <line num="139" type="stmt" count="14"/>
      <line num="143" type="stmt" count="14"/>
      <line num="144" type="stmt" count="14"/>
      <line num="145" type="stmt" count="14"/>
      <line num="146" type="stmt" count="14"/>
      <line num="147" type="stmt" count="11"/>
      <line num="148" type="stmt" count="11"/>
      <line num="150" type="stmt" count="14"/>
      <line num="151" type="stmt" count="14"/>
      <line num="152" type="stmt" count="14"/>
      <line num="153" type="stmt" count="14"/>
      <line num="154" type="stmt" count="14"/>
      <line num="155" type="stmt" count="14"/>
      <line num="156" type="stmt" count="14"/>
      <line num="157" type="stmt" count="0"/>
      <line num="159" type="stmt" count="14"/>
      <line num="184" type="method" name="parse_header_block" crap="6.17" count="14"/>
      <line num="186" type="stmt" count="14"/>
      <line num="187" type="stmt" count="14"/>
      <line num="188" type="stmt" count="14"/>
      <line num="189" type="stmt" count="14"/>
      <line num="190" type="stmt" count="14"/>
      <line num="191" type="stmt" count="14"/>
      <line num="193" type="stmt" count="14"/>
      <line num="196" type="stmt" count="14"/>
      <line num="197" type="stmt" count="14"/>
      <line num="198" type="stmt" count="14"/>
      <line num="199" type="stmt" count="14"/>
      <line num="200" type="stmt" count="14"/>
      <line num="203" type="stmt" count="14"/>
      <line num="204" type="stmt" count="14"/>
      <line num="205" type="stmt" count="14"/>
      <line num="206" type="stmt" count="14"/>
      <line num="207" type="stmt" count="14"/>
      <line num="208" type="stmt" count="14"/>
      <line num="209" type="stmt" count="0"/>
      <line num="210" type="stmt" count="0"/>
      <line num="211" type="stmt" count="0"/>
      <line num="212" type="stmt" count="0"/>
      <line num="213" type="stmt" count="0"/>
      <line num="214" type="stmt" count="14"/>
      <line num="216" type="stmt" count="14"/>
      <line num="217" type="stmt" count="14"/>
      <line num="218" type="stmt" count="14"/>
      <line num="219" type="stmt" count="14"/>
      <line num="220" type="stmt" count="14"/>
      <line num="221" type="stmt" count="14"/>
      <line num="223" type="stmt" count="0"/>
      <metrics loc="222" ncloc="135" classes="1" methods="3" coveredmethods="0" conditionals="0" coveredconditionals="0" statements="107" coveredstatements="69" elements="110" coveredelements="69"/>
    </file>
    <file name="/Users/sam/Projects/presta/src/Request.php">
      <class name="Presta_Request" namespace="global" fullPackage="Presta">
        <metrics methods="13" coveredmethods="4" conditionals="0" coveredconditionals="0" statements="24" coveredstatements="11" elements="37" coveredelements="15"/>
      </class>
      <line num="75" type="method" name="__construct" crap="1" count="1"/>
      <line num="78" type="stmt" count="1"/>
      <line num="79" type="stmt" count="1"/>
      <line num="86" type="method" name="instance" crap="6" count="0"/>
      <line num="88" type="stmt" count="0"/>
      <line num="89" type="stmt" count="0"/>
      <line num="90" type="stmt" count="0"/>
      <line num="97" type="method" name="uri" crap="1" count="1"/>
      <line num="99" type="stmt" count="1"/>
      <line num="100" type="stmt" count="1"/>
      <line num="108" type="method" name="auth" crap="2" count="0"/>
      <line num="110" type="stmt" count="0"/>
      <line num="111" type="stmt" count="0"/>
      <line num="123" type="method" name="headers" crap="2" count="0"/>
      <line num="125" type="stmt" count="0"/>
      <line num="126" type="stmt" count="0"/>
      <line num="130" type="method" name="get" crap="1" count="1"/>
      <line num="132" type="stmt" count="1"/>
      <line num="135" type="method" name="post" crap="2" count="0"/>
      <line num="137" type="stmt" count="0"/>
      <line num="140" type="method" name="put" crap="2" count="0"/>
      <line num="142" type="stmt" count="0"/>
      <line num="145" type="method" name="delete" crap="2" count="0"/>
      <line num="147" type="stmt" count="0"/>
      <line num="150" type="method" name="head" crap="2" count="0"/>
      <line num="152" type="stmt" count="0"/>
      <line num="155" type="method" name="options" crap="2" count="0"/>
      <line num="157" type="stmt" count="0"/>
      <line num="160" type="method" name="__get" crap="6" count="0"/>
      <line num="162" type="stmt" count="0"/>
      <line num="172" type="method" name="http_xmit" crap="1" count="1"/>
      <line num="174" type="stmt" count="1"/>
      <line num="175" type="stmt" count="1"/>
      <line num="176" type="stmt" count="1"/>
      <line num="177" type="stmt" count="1"/>
      <line num="178" type="stmt" count="1"/>
      <line num="180" type="stmt" count="1"/>
      <line num="183" type="stmt" count="0"/>
      <metrics loc="182" ncloc="75" classes="1" methods="13" coveredmethods="4" conditionals="0" coveredconditionals="0" statements="24" coveredstatements="11" elements="37" coveredelements="15"/>
    </file>
    <file name="/Users/sam/Projects/presta/src/Response.php">
      <class name="Presta_Response" namespace="global" fullPackage="Presta">
        <metrics methods="4" coveredmethods="3" conditionals="0" coveredconditionals="0" statements="11" coveredstatements="8" elements="15" coveredelements="11"/>
      </class>
      <line num="16" type="method" name="__construct" crap="1" count="1"/>
      <line num="18" type="stmt" count="1"/>
      <line num="19" type="stmt" count="1"/>
      <line num="27" type="method" name="header" crap="2.26" count="1"/>
      <line num="29" type="stmt" count="1"/>
      <line num="30" type="stmt" count="1"/>
      <line num="31" type="stmt" count="0"/>
      <line num="32" type="stmt" count="0"/>
      <line num="33" type="stmt" count="1"/>
      <line num="39" type="method" name="attributes" crap="2" count="0"/>
      <line num="41" type="stmt" count="0"/>
      <line num="43" type="method" name="__get" crap="2" count="1"/>
      <line num="45" type="stmt" count="1"/>
      <line num="46" type="stmt" count="1"/>
      <line num="47" type="stmt" count="1"/>
      <line num="50" type="stmt" count="1"/>
      <line num="74" type="stmt" count="1"/>
      <line num="76" type="stmt" count="1"/>
      <metrics loc="49" ncloc="30" classes="1" methods="4" coveredmethods="2" conditionals="0" coveredconditionals="0" statements="11" coveredstatements="8" elements="15" coveredelements="10"/>
    </file>
    <file name="/Users/sam/Projects/presta/src/util/Arr.php">
      <class name="Util_Arr" namespace="global" fullPackage="Util">
        <metrics methods="1" coveredmethods="1" conditionals="0" coveredconditionals="0" statements="1" coveredstatements="1" elements="2" coveredelements="2"/>
      </class>
      <line num="22" type="method" name="get" crap="2" count="14"/>
      <line num="23" type="stmt" count="14"/>
      <line num="26" type="stmt" count="1"/>
      <metrics loc="25" ncloc="9" classes="1" methods="1" coveredmethods="1" conditionals="0" coveredconditionals="0" statements="1" coveredstatements="1" elements="2" coveredelements="2"/>
    </file>
    <metrics files="4" loc="478" ncloc="249" classes="4" methods="21" coveredmethods="7" conditionals="0" coveredconditionals="0" statements="143" coveredstatements="89" elements="164" coveredelements="96"/>
  </project>
</coverage>
